::1 - - [16/Mar/2026 20:21:30] "GET / HTTP/1.1" 304 -
::1 - - [16/Mar/2026 20:21:30] "GET /assets/css/style.css HTTP/1.1" 304 -
::1 - - [16/Mar/2026 20:21:31] code 404, message File not found
::1 - - [16/Mar/2026 20:21:31] "GET /favicon.ico HTTP/1.1" 404 -
::1 - - [16/Mar/2026 20:21:44] code 404, message File not found
::1 - - [16/Mar/2026 20:21:44] "GET /.well-known/appspecific/com.chrome.devtools.json HTTP/1.1" 404 -
::1 - - [16/Mar/2026 20:21:49] "GET /login.html HTTP/1.1" 304 -
::1 - - [16/Mar/2026 20:21:49] code 404, message File not found
::1 - - [16/Mar/2026 20:21:49] "GET /.well-known/appspecific/com.chrome.devtools.json HTTP/1.1" 404 -
::1 - - [16/Mar/2026 20:21:49] "GET /assets/js/env.js HTTP/1.1" 304 -
::1 - - [16/Mar/2026 20:21:49] "GET /assets/js/login-script.js HTTP/1.1" 304 -
::1 - - [16/Mar/2026 20:21:49] "GET /assets/js/auth.js HTTP/1.1" 304 -
::1 - - [16/Mar/2026 20:21:49] "GET /assets/js/config.js HTTP/1.1" 304 -
::1 - - [16/Mar/2026 20:21:51] "GET /dashboard.html HTTP/1.1" 304 -
::1 - - [16/Mar/2026 20:21:51] code 404, message File not found
::1 - - [16/Mar/2026 20:21:51] "GET /.well-known/appspecific/com.chrome.devtools.json HTTP/1.1" 404 -
::1 - - [16/Mar/2026 20:21:51] "GET /assets/js/feed.js HTTP/1.1" 304 -
::1 - - [16/Mar/2026 20:21:51] "GET /assets/js/groups.js HTTP/1.1" 304 -
::1 - - [16/Mar/2026 20:21:51] "GET /assets/js/database.js HTTP/1.1" 304 -
::1 - - [16/Mar/2026 20:21:58] "GET /event.html HTTP/1.1" 304 -
::1 - - [16/Mar/2026 20:21:58] code 404, message File not found
::1 - - [16/Mar/2026 20:21:58] "GET /.well-known/appspecific/com.chrome.devtools.json HTTP/1.1" 404 -
::1 - - [16/Mar/2026 20:21:58] "GET /assets/js/events.js HTTP/1.1" 304 -
::1 - - [16/Mar/2026 20:22:05] "GET /court.html HTTP/1.1" 304 -
::1 - - [16/Mar/2026 20:22:05] code 404, message File not found
::1 - - [16/Mar/2026 20:22:05] "GET /.well-known/appspecific/com.chrome.devtools.json HTTP/1.1" 404 -
::1 - - [16/Mar/2026 20:22:05] "GET /assets/js/court.js HTTP/1.1" 304 -
::1 - - [16/Mar/2026 20:22:05] "GET /assets/js/americano.js HTTP/1.1" 304 -
::1 - - [16/Mar/2026 20:38:22] code 404, message File not found
::1 - - [16/Mar/2026 20:38:22] "GET /.well-known/appspecific/com.chrome.devtools.json HTTP/1.1" 404 -
::1 - - [16/Mar/2026 20:38:25] "GET /group.html HTTP/1.1" 304 -
::1 - - [16/Mar/2026 20:38:25] code 404, message File not found
::1 - - [16/Mar/2026 20:38:25] "GET /.well-known/appspecific/com.chrome.devtools.json HTTP/1.1" 404 -
::1 - - [16/Mar/2026 20:38:34] "GET /group.html?invite=e03ed148-63cb-47cc-855e-5ad93d90602d HTTP/1.1" 200 -
::1 - - [16/Mar/2026 20:38:34] "GET /assets/css/style.css HTTP/1.1" 304 -
::1 - - [16/Mar/2026 20:38:34] "GET /assets/js/env.js HTTP/1.1" 200 -
::1 - - [16/Mar/2026 20:38:34] "GET /assets/js/groups.js HTTP/1.1" 304 -
::1 - - [16/Mar/2026 20:38:34] "GET /assets/js/auth.js HTTP/1.1" 200 -
::1 - - [16/Mar/2026 20:38:34] "GET /assets/js/config.js HTTP/1.1" 200 -
::1 - - [16/Mar/2026 20:38:34] "GET /assets/js/database.js HTTP/1.1" 200 -
::1 - - [16/Mar/2026 20:38:34] code 404, message File not found
::1 - - [16/Mar/2026 20:38:34] "GET /favicon.ico HTTP/1.1" 404 -
::1 - - [16/Mar/2026 20:38:43] "GET /profile.html HTTP/1.1" 200 -
::1 - - [16/Mar/2026 20:38:43] "GET /assets/js/profile.js HTTP/1.1" 304 -
::1 - - [16/Mar/2026 20:38:45] "GET /group.html HTTP/1.1" 200 -
::1 - - [16/Mar/2026 20:38:47] "GET /dashboard.html HTTP/1.1" 200 -
::1 - - [16/Mar/2026 20:38:47] "GET /assets/js/feed.js HTTP/1.1" 304 -
::1 - - [16/Mar/2026 20:38:58] code 404, message File not found
::1 - - [16/Mar/2026 20:38:58] "GET /.well-known/appspecific/com.chrome.devtools.json HTTP/1.1" 404 -
::1 - - [16/Mar/2026 20:39:01] "GET /dashboard.html HTTP/1.1" 304 -
::1 - - [16/Mar/2026 20:39:01] code 404, message File not found
::1 - - [16/Mar/2026 20:39:01] "GET /.well-known/appspecific/com.chrome.devtools.json HTTP/1.1" 404 -
::1 - - [16/Mar/2026 20:39:04] code 404, message File not found
::1 - - [16/Mar/2026 20:39:04] "GET /.well-known/appspecific/com.chrome.devtools.json HTTP/1.1" 404 -
::1 - - [16/Mar/2026 20:39:06] code 404, message File not found
::1 - - [16/Mar/2026 20:39:06] "GET /.well-known/appspecific/com.chrome.devtools.json HTTP/1.1" 404 -
::1 - - [16/Mar/2026 20:39:09] code 404, message File not found
::1 - - [16/Mar/2026 20:39:09] "GET /.well-known/appspecific/com.chrome.devtools.json HTTP/1.1" 404 -
::1 - - [16/Mar/2026 20:39:11] code 404, message File not found
::1 - - [16/Mar/2026 20:39:11] "GET /.well-known/appspecific/com.chrome.devtools.json HTTP/1.1" 404 -
::1 - - [16/Mar/2026 20:39:21] "GET /assets/js/env.js HTTP/1.1" 304 -
::1 - - [16/Mar/2026 20:39:21] "GET /assets/js/auth.js HTTP/1.1" 304 -
::1 - - [16/Mar/2026 20:39:21] "GET /assets/js/database.js HTTP/1.1" 304 -
::1 - - [16/Mar/2026 20:39:21] "GET /assets/js/config.js HTTP/1.1" 304 -
::1 - - [16/Mar/2026 20:39:34] "GET /court.html HTTP/1.1" 200 -
::1 - - [16/Mar/2026 20:39:34] "GET /assets/js/court.js HTTP/1.1" 200 -
::1 - - [16/Mar/2026 20:39:34] "GET /assets/js/americano.js HTTP/1.1" 200 -
::1 - - [16/Mar/2026 20:39:56] "GET /assets/js/env.js HTTP/1.1" 304 -
::1 - - [16/Mar/2026 20:39:56] "GET /assets/js/auth.js HTTP/1.1" 304 -
::1 - - [16/Mar/2026 20:39:56] "GET /assets/js/database.js HTTP/1.1" 304 -
::1 - - [16/Mar/2026 20:39:56] "GET /assets/js/config.js HTTP/1.1" 304 -
::1 - - [16/Mar/2026 20:40:10] "GET /group.html?invite=e03ed148-63cb-47cc-855e-5ad93d90602d HTTP/1.1" 200 -
::1 - - [16/Mar/2026 20:40:10] "GET /assets/css/style.css HTTP/1.1" 200 -
::1 - - [16/Mar/2026 20:40:10] "GET /assets/js/env.js HTTP/1.1" 200 -
::1 - - [16/Mar/2026 20:40:10] "GET /assets/js/groups.js HTTP/1.1" 200 -
::1 - - [16/Mar/2026 20:40:11] "GET /assets/js/auth.js HTTP/1.1" 200 -
::1 - - [16/Mar/2026 20:40:11] "GET /assets/js/database.js HTTP/1.1" 200 -
::1 - - [16/Mar/2026 20:40:11] "GET /assets/js/config.js HTTP/1.1" 200 -
::1 - - [16/Mar/2026 20:40:11] code 404, message File not found
::1 - - [16/Mar/2026 20:40:11] "GET /favicon.ico HTTP/1.1" 404 -
::1 - - [16/Mar/2026 20:40:14] "GET /dashboard.html HTTP/1.1" 200 -
::1 - - [16/Mar/2026 20:40:14] "GET /assets/js/feed.js HTTP/1.1" 200 -
::1 - - [16/Mar/2026 20:40:30] "GET /profile.html HTTP/1.1" 200 -
::1 - - [16/Mar/2026 20:40:30] "GET /assets/js/profile.js HTTP/1.1" 200 -
::1 - - [16/Mar/2026 20:40:33] "GET /group.html HTTP/1.1" 200 -
::1 - - [16/Mar/2026 20:43:16] code 404, message File not found
::1 - - [16/Mar/2026 20:43:16] "GET /.well-known/appspecific/com.chrome.devtools.json HTTP/1.1" 404 -
::1 - - [16/Mar/2026 20:43:17] code 404, message File not found
::1 - - [16/Mar/2026 20:43:17] "GET /.well-known/appspecific/com.chrome.devtools.json HTTP/1.1" 404 -
::1 - - [16/Mar/2026 20:43:22] code 404, message File not found
::1 - - [16/Mar/2026 20:43:22] "GET /.well-known/appspecific/com.chrome.devtools.json HTTP/1.1" 404 -
::1 - - [16/Mar/2026 20:43:28] code 404, message File not found
::1 - - [16/Mar/2026 20:43:28] "GET /.well-known/appspecific/com.chrome.devtools.json HTTP/1.1" 404 -
::1 - - [16/Mar/2026 20:43:38] code 404, message File not found
::1 - - [16/Mar/2026 20:43:38] "GET /.well-known/appspecific/com.chrome.devtools.json HTTP/1.1" 404 -
::1 - - [16/Mar/2026 20:43:41] code 404, message File not found
::1 - - [16/Mar/2026 20:43:41] "GET /.well-known/appspecific/com.chrome.devtools.json HTTP/1.1" 404 -
::1 - - [16/Mar/2026 20:43:47] "GET /assets/js/env.js HTTP/1.1" 304 -
::1 - - [16/Mar/2026 20:43:47] "GET /assets/js/auth.js HTTP/1.1" 304 -
::1 - - [16/Mar/2026 20:43:47] "GET /assets/js/database.js HTTP/1.1" 304 -
::1 - - [16/Mar/2026 20:43:47] "GET /assets/js/config.js HTTP/1.1" 304 -
::1 - - [16/Mar/2026 20:47:47] code 404, message File not found
::1 - - [16/Mar/2026 20:47:47] "GET /.well-known/appspecific/com.chrome.devtools.json HTTP/1.1" 404 -
::1 - - [16/Mar/2026 20:47:49] code 404, message File not found
::1 - - [16/Mar/2026 20:47:49] "GET /.well-known/appspecific/com.chrome.devtools.json HTTP/1.1" 404 -
::1 - - [16/Mar/2026 20:47:52] "GET /profile.html HTTP/1.1" 304 -
::1 - - [16/Mar/2026 20:47:52] code 404, message File not found
::1 - - [16/Mar/2026 20:47:52] "GET /.well-known/appspecific/com.chrome.devtools.json HTTP/1.1" 404 -
::1 - - [16/Mar/2026 20:47:52] "GET /assets/js/profile.js HTTP/1.1" 304 -
::1 - - [16/Mar/2026 20:47:54] code 404, message File not found
::1 - - [16/Mar/2026 20:47:54] "GET /.well-known/appspecific/com.chrome.devtools.json HTTP/1.1" 404 -
::1 - - [16/Mar/2026 20:48:00] "GET /assets/js/env.js HTTP/1.1" 200 -
::1 - - [16/Mar/2026 20:48:00] "GET /assets/js/database.js HTTP/1.1" 304 -
::1 - - [16/Mar/2026 20:48:00] "GET /assets/js/auth.js HTTP/1.1" 200 -
::1 - - [16/Mar/2026 20:48:00] "GET /assets/js/config.js HTTP/1.1" 200 -
::1 - - [16/Mar/2026 20:48:05] "GET /login.html HTTP/1.1" 304 -
::1 - - [16/Mar/2026 20:48:05] "GET /assets/js/env.js HTTP/1.1" 304 -
::1 - - [16/Mar/2026 20:48:05] "GET /assets/js/login-script.js HTTP/1.1" 200 -
::1 - - [16/Mar/2026 20:48:05] "GET /assets/js/auth.js HTTP/1.1" 304 -
::1 - - [16/Mar/2026 20:48:05] "GET /assets/js/config.js HTTP/1.1" 304 -
::1 - - [16/Mar/2026 20:48:10] code 404, message File not found
::1 - - [16/Mar/2026 20:48:10] "GET /.well-known/appspecific/com.chrome.devtools.json HTTP/1.1" 404 -
::1 - - [16/Mar/2026 20:48:12] code 404, message File not found
::1 - - [16/Mar/2026 20:48:12] "GET /.well-known/appspecific/com.chrome.devtools.json HTTP/1.1" 404 -
::1 - - [16/Mar/2026 20:48:17] code 404, message File not found
::1 - - [16/Mar/2026 20:48:17] "GET /.well-known/appspecific/com.chrome.devtools.json HTTP/1.1" 404 -
::1 - - [16/Mar/2026 20:48:24] "GET /assets/js/env.js HTTP/1.1" 304 -
::1 - - [16/Mar/2026 20:48:24] "GET /assets/js/auth.js HTTP/1.1" 304 -
::1 - - [16/Mar/2026 20:48:24] "GET /assets/js/config.js HTTP/1.1" 304 -
::1 - - [16/Mar/2026 20:48:24] "GET /login.html?redirect=%2Fgroup.html%3Finvite%3De03ed148-63cb-47cc-855e-5ad93d90602d HTTP/1.1" 304 -
::1 - - [16/Mar/2026 20:48:31] "GET /assets/js/env.js HTTP/1.1" 304 -
::1 - - [16/Mar/2026 20:48:31] "GET /assets/js/auth.js HTTP/1.1" 304 -
::1 - - [16/Mar/2026 20:48:31] "GET /assets/js/config.js HTTP/1.1" 304 -
::1 - - [16/Mar/2026 20:48:32] "GET /event.html?group=b4ebcc49-8b09-4e15-b265-bd0f1bfdc80b HTTP/1.1" 200 -
::1 - - [16/Mar/2026 20:48:32] "GET /assets/js/events.js HTTP/1.1" 200 -
::1 - - [16/Mar/2026 20:49:34] "GET /assets/js/env.js HTTP/1.1" 304 -
::1 - - [16/Mar/2026 20:49:34] "GET /assets/js/auth.js HTTP/1.1" 304 -
::1 - - [16/Mar/2026 20:49:34] "GET /assets/js/database.js HTTP/1.1" 304 -
::1 - - [16/Mar/2026 20:49:34] "GET /assets/js/config.js HTTP/1.1" 304 -
::1 - - [16/Mar/2026 20:49:35] "GET /event.html HTTP/1.1" 200 -
::1 - - [16/Mar/2026 20:49:56] code 404, message File not found
::1 - - [16/Mar/2026 20:49:56] "GET /.well-known/appspecific/com.chrome.devtools.json HTTP/1.1" 404 -
::1 - - [16/Mar/2026 21:11:16] "GET /assets/js/env.js HTTP/1.1" 304 -
::1 - - [16/Mar/2026 21:11:16] "GET /assets/js/auth.js HTTP/1.1" 304 -
::1 - - [16/Mar/2026 21:11:16] "GET /assets/js/config.js HTTP/1.1" 200 -
::1 - - [16/Mar/2026 21:11:16] "GET /assets/js/database.js HTTP/1.1" 304 -
::1 - - [16/Mar/2026 21:11:20] "GET /assets/js/login-script.js HTTP/1.1" 304 -
::1 - - [16/Mar/2026 21:11:28] "GET /dashboard.html HTTP/1.1" 200 -
::1 - - [16/Mar/2026 21:11:39] "GET /assets/js/events.js HTTP/1.1" 304 -
::1 - - [16/Mar/2026 21:11:40] "GET /court.html HTTP/1.1" 304 -
::1 - - [16/Mar/2026 21:11:40] "GET /assets/js/court.js HTTP/1.1" 304 -
::1 - - [16/Mar/2026 21:12:06] "GET /event.html HTTP/1.1" 304 -
::1 - - [16/Mar/2026 21:12:06] code 404, message File not found
::1 - - [16/Mar/2026 21:12:06] "GET /.well-known/appspecific/com.chrome.devtools.json HTTP/1.1" 404 -
::1 - - [16/Mar/2026 21:12:07] code 404, message File not found
::1 - - [16/Mar/2026 21:12:07] "GET /.well-known/appspecific/com.chrome.devtools.json HTTP/1.1" 404 -
::1 - - [16/Mar/2026 21:12:09] code 404, message File not found
::1 - - [16/Mar/2026 21:12:09] "GET /.well-known/appspecific/com.chrome.devtools.json HTTP/1.1" 404 -
::1 - - [16/Mar/2026 21:12:11] code 404, message File not found
::1 - - [16/Mar/2026 21:12:11] "GET /.well-known/appspecific/com.chrome.devtools.json HTTP/1.1" 404 -
::1 - - [16/Mar/2026 21:12:12] code 404, message File not found
::1 - - [16/Mar/2026 21:12:12] "GET /.well-known/appspecific/com.chrome.devtools.json HTTP/1.1" 404 -
::1 - - [16/Mar/2026 21:12:14] code 404, message File not found
::1 - - [16/Mar/2026 21:12:14] "GET /.well-known/appspecific/com.chrome.devtools.json HTTP/1.1" 404 -
::1 - - [16/Mar/2026 21:12:15] code 404, message File not found
::1 - - [16/Mar/2026 21:12:15] "GET /.well-known/appspecific/com.chrome.devtools.json HTTP/1.1" 404 -
::1 - - [16/Mar/2026 21:12:16] code 404, message File not found
::1 - - [16/Mar/2026 21:12:16] "GET /.well-known/appspecific/com.chrome.devtools.json HTTP/1.1" 404 -
::1 - - [16/Mar/2026 21:12:23] code 404, message File not found
::1 - - [16/Mar/2026 21:12:23] "GET /.well-known/appspecific/com.chrome.devtools.json HTTP/1.1" 404 -
::1 - - [16/Mar/2026 21:16:07] "GET /dashboard.html HTTP/1.1" 200 -
::1 - - [16/Mar/2026 21:16:07] "GET /assets/js/env.js HTTP/1.1" 200 -
::1 - - [16/Mar/2026 21:16:07] "GET /assets/css/style.css HTTP/1.1" 200 -
::1 - - [16/Mar/2026 21:16:07] "GET /assets/js/feed.js HTTP/1.1" 200 -
::1 - - [16/Mar/2026 21:16:07] "GET /assets/js/groups.js HTTP/1.1" 200 -
::1 - - [16/Mar/2026 21:16:07] "GET /assets/js/auth.js HTTP/1.1" 200 -
::1 - - [16/Mar/2026 21:16:07] "GET /assets/js/database.js HTTP/1.1" 200 -
::1 - - [16/Mar/2026 21:16:07] "GET /assets/js/config.js HTTP/1.1" 200 -
::1 - - [16/Mar/2026 21:16:07] code 404, message File not found
::1 - - [16/Mar/2026 21:16:07] "GET /favicon.ico HTTP/1.1" 404 -
::1 - - [16/Mar/2026 21:16:07] "GET /login.html?redirect=%2Fdashboard.html HTTP/1.1" 200 -
::1 - - [16/Mar/2026 21:16:07] "GET /assets/js/login-script.js HTTP/1.1" 200 -
::1 - - [16/Mar/2026 21:16:09] "GET /signup.html HTTP/1.1" 200 -
::1 - - [16/Mar/2026 21:16:10] "GET /login.html HTTP/1.1" 200 -
::1 - - [16/Mar/2026 21:16:32] "GET /assets/js/groups.js HTTP/1.1" 304 -
::1 - - [16/Mar/2026 21:16:38] "GET /group.html HTTP/1.1" 200 -
::1 - - [16/Mar/2026 21:16:43] "GET /event.html HTTP/1.1" 200 -
::1 - - [16/Mar/2026 21:16:43] "GET /assets/js/events.js HTTP/1.1" 200 -
::1 - - [16/Mar/2026 21:16:51] "GET /court.html HTTP/1.1" 200 -
::1 - - [16/Mar/2026 21:16:51] "GET /assets/js/court.js HTTP/1.1" 200 -
::1 - - [16/Mar/2026 21:16:51] "GET /assets/js/americano.js HTTP/1.1" 200 -
::1 - - [16/Mar/2026 21:17:00] "GET /profile.html HTTP/1.1" 200 -
::1 - - [16/Mar/2026 21:17:00] "GET /assets/js/profile.js HTTP/1.1" 200 -
::1 - - [16/Mar/2026 21:17:04] "GET /assets/js/groups.js HTTP/1.1" 304 -
::1 - - [16/Mar/2026 21:40:26] "GET / HTTP/1.1" 304 -
::1 - - [16/Mar/2026 21:40:26] code 404, message File not found
::1 - - [16/Mar/2026 21:40:26] "GET /favicon.ico HTTP/1.1" 404 -
::1 - - [16/Mar/2026 21:40:29] "GET /assets/js/login-script.js HTTP/1.1" 304 -
::1 - - [16/Mar/2026 21:40:29] "GET /assets/js/env.js HTTP/1.1" 304 -
::1 - - [16/Mar/2026 21:40:29] "GET /assets/js/auth.js HTTP/1.1" 304 -
::1 - - [16/Mar/2026 21:40:29] "GET /assets/js/config.js HTTP/1.1" 304 -
::1 - - [16/Mar/2026 21:40:34] "GET /dashboard.html HTTP/1.1" 304 -
::1 - - [16/Mar/2026 21:40:34] "GET /assets/js/database.js HTTP/1.1" 304 -
::1 - - [16/Mar/2026 21:40:43] "GET /assets/js/events.js HTTP/1.1" 304 -
::1 - - [16/Mar/2026 21:42:09] "GET /court.html HTTP/1.1" 304 -
::1 - - [16/Mar/2026 21:42:09] "GET /assets/js/court.js HTTP/1.1" 304 -
